<?xml version="1.0" encoding="UTF-8"?>
<!-- Generated by org.testng.reporters.JUnitReportReporter -->
<testsuite hostname="DESKTOP-H21MM63" name="Guvi.Day2" tests="2" failures="0" timestamp="24 Apr 2020 11:46:56 GMT" time="0.012" errors="0">
  <testcase name="bye" time="0.007" classname="Guvi.Day2"/>
  <testcase name="goodbye" time="0.005" classname="Guvi.Day2"/>
</testsuite> <!-- Guvi.Day2 -->
