<?xml version="1.0" encoding="UTF-8"?>
<!-- Generated by org.testng.reporters.JUnitReportReporter -->
<testsuite hostname="DESKTOP-H21MM63" name="Guvi.Day1" tests="2" failures="0" timestamp="20 Apr 2020 14:56:28 GMT" time="0.009" errors="0">
  <testcase name="Hello" time="0.006" classname="Guvi.Day1"/>
  <testcase name="bye" time="0.003" classname="Guvi.Day1"/>
</testsuite> <!-- Guvi.Day1 -->
