<?xml version="1.0" encoding="UTF-8"?>
<!-- Generated by org.testng.reporters.JUnitReportReporter -->
<testsuite hostname="DESKTOP-H21MM63" name="Guvi.SeleniumDemo3" tests="1" failures="0" timestamp="20 Apr 2020 14:16:05 GMT" time="28.281" errors="0">
  <testcase name="googleDemo" time="28.281" classname="Guvi.SeleniumDemo3"/>
</testsuite> <!-- Guvi.SeleniumDemo3 -->
