<?xml version="1.0" encoding="UTF-8"?>
<!-- Generated by org.testng.reporters.JUnitReportReporter -->
<testsuite hostname="DESKTOP-H21MM63" name="Guvi.Prioritizing" tests="4" failures="0" timestamp="20 Apr 2020 15:59:06 GMT" time="15.372" errors="0">
  <testcase name="sum" time="0.002" classname="Guvi.Prioritizing"/>
  <testcase name="subtraction" time="0.002" classname="Guvi.Prioritizing"/>
  <testcase name="search" time="1.965" classname="Guvi.Prioritizing"/>
  <testcase name="MMT" time="13.403" classname="Guvi.Prioritizing"/>
</testsuite> <!-- Guvi.Prioritizing -->
