<?xml version="1.0" encoding="UTF-8"?>
<!-- Generated by org.testng.reporters.JUnitReportReporter -->
<testsuite hostname="DESKTOP-H21MM63" name="Guvi.Grouping" tests="3" failures="0" timestamp="24 Apr 2020 08:46:56 GMT" time="0.010" errors="0">
  <testcase name="Car1" time="0.003" classname="Guvi.Grouping"/>
  <testcase name="Car2" time="0.002" classname="Guvi.Grouping"/>
  <testcase name="Scooter1" time="0.005" classname="Guvi.Grouping"/>
</testsuite> <!-- Guvi.Grouping -->
