<?xml version="1.0" encoding="UTF-8"?>
<!-- Generated by org.testng.reporters.JUnitReportReporter -->
<testsuite hostname="DESKTOP-H21MM63" name="Guvi.ParameterDemo" tests="2" failures="0" timestamp="20 Apr 2020 16:10:32 GMT" time="6.755" errors="0">
  <testcase name="enterURL" time="2.370" classname="Guvi.ParameterDemo"/>
  <testcase name="fbURL" time="4.385" classname="Guvi.ParameterDemo"/>
</testsuite> <!-- Guvi.ParameterDemo -->
