<?xml version="1.0" encoding="UTF-8"?>
<!-- Generated by org.testng.reporters.JUnitReportReporter -->
<testsuite hostname="DESKTOP-H21MM63" name="com.test.demo.GuviMavenProject.Day1" tests="3" failures="0" timestamp="24 Apr 2020 08:43:31 GMT" time="0.013" errors="0">
  <testcase name="welcome" time="0.004" classname="com.test.demo.GuviMavenProject.Day1"/>
  <testcase name="login" time="0.006" classname="com.test.demo.GuviMavenProject.Day1"/>
  <testcase name="zee" time="0.003" classname="com.test.demo.GuviMavenProject.Day1"/>
</testsuite> <!-- com.test.demo.GuviMavenProject.Day1 -->
