<?xml version="1.0" encoding="UTF-8"?>
<!-- Generated by org.testng.reporters.JUnitReportReporter -->
<testsuite hostname="DESKTOP-H21MM63" name="excercise.SeleniumDemo3" tests="1" failures="0" timestamp="20 Apr 2020 14:10:27 GMT" time="21.183" errors="0">
  <testcase name="googleDemo" time="21.183" classname="excercise.SeleniumDemo3"/>
</testsuite> <!-- excercise.SeleniumDemo3 -->
