<?xml version="1.0" encoding="UTF-8"?>
<!-- Generated by org.testng.reporters.JUnitReportReporter -->
<testsuite skipped="0" hostname="DESKTOP-H21MM63" name="Guvi.Grouping" tests="3" failures="0" timestamp="2020-04-24T22:58:00 IST" time="0.002" errors="0">
  <testcase name="Car2" time="0.000" classname="Guvi.Grouping"/>
  <testcase name="Car1" time="0.000" classname="Guvi.Grouping"/>
  <testcase name="Scooter1" time="0.002" classname="Guvi.Grouping"/>
</testsuite> <!-- Guvi.Grouping -->
