<?xml version="1.0" encoding="UTF-8"?>
<!-- Generated by org.testng.reporters.JUnitReportReporter -->
<testsuite skipped="0" hostname="DESKTOP-H21MM63" name="Guvi.Day2" tests="1" failures="0" timestamp="2020-04-24T22:58:00 IST" time="0.005" errors="0">
  <testcase name="goodbye" time="0.005" classname="Guvi.Day2"/>
</testsuite> <!-- Guvi.Day2 -->
